#
# There is insufficient memory for the Java Runtime Environment to continue.
# Native memory allocation (malloc) failed to allocate 1623056 bytes for Chunk::new
# Possible reasons:
#   The system is out of physical RAM or swap space
#   In 32 bit mode, the process size limit was hit
# Possible solutions:
#   Reduce memory load on the system
#   Increase physical memory or swap space
#   Check if swap backing store is full
#   Use 64 bit Java on a 64 bit OS
#   Decrease Java heap size (-Xmx/-Xms)
#   Decrease number of Java threads
#   Decrease Java thread stack sizes (-Xss)
#   Set larger code cache with -XX:ReservedCodeCacheSize=
# This output file may be truncated or incomplete.
#
#  Out of Memory Error (allocation.cpp:390), pid=5844, tid=3312
#
# JRE version: Java(TM) SE Runtime Environment (8.0_40-b26) (build 1.8.0_40-b26)
# Java VM: Java HotSpot(TM) 64-Bit Server VM (25.40-b25 mixed mode windows-amd64 compressed oops)
# Failed to write core dump. Minidumps are not enabled by default on client versions of Windows
#

---------------  T H R E A D  ---------------

Current thread (0x00000000066eb800):  JavaThread "C2 CompilerThread0" daemon [_thread_in_native, id=3312, stack(0x0000000007bf0000,0x0000000007cf0000)]

Stack: [0x0000000007bf0000,0x0000000007cf0000]
Native frames: (J=compiled Java code, j=interpreted, Vv=VM code, C=native code)
V  [jvm.dll+0x32b47a]


Current CompileTask:
C2:1815647 18172       4       org.gradle.api.internal.AbstractClassGenerator::inspectType (572 bytes)


---------------  P R O C E S S  ---------------

Java Threads: ( => current thread )
  0x000000000b69b000 JavaThread "Stdin handler" [_thread_blocked, id=2044, stack(0x000000000a4c0000,0x000000000a5c0000)]
  0x000000000b69b800 JavaThread "Daemon worker Thread 7" [_thread_in_vm, id=1872, stack(0x000000000bb90000,0x000000000bc90000)]
  0x000000000b697000 JavaThread "Cancel handler" [_thread_blocked, id=1512, stack(0x000000000a3c0000,0x000000000a4c0000)]
  0x000000000b696800 JavaThread "Handler for socket connection from /127.0.0.1:6728 to /127.0.0.1:7579" [_thread_in_native, id=5340, stack(0x0000000000c00000,0x0000000000d00000)]
  0x000000000b699800 JavaThread "Daemon Thread 8" [_thread_blocked, id=4164, stack(0x0000000000b00000,0x0000000000c00000)]
  0x000000000b695800 JavaThread "Daemon Thread 7" [_thread_blocked, id=1976, stack(0x0000000000a00000,0x0000000000b00000)]
  0x000000000df25000 JavaThread "File lock request listener" [_thread_in_native, id=3916, stack(0x000000000bca0000,0x000000000bda0000)]
  0x0000000008fe9000 JavaThread "Incoming local TCP Connector on port 6728" [_thread_in_native, id=1684, stack(0x0000000009dc0000,0x0000000009ec0000)]
  0x0000000007d38800 JavaThread "Service Thread" daemon [_thread_blocked, id=4256, stack(0x00000000082f0000,0x00000000083f0000)]
  0x0000000007cff000 JavaThread "C1 CompilerThread2" daemon [_thread_blocked, id=1032, stack(0x00000000081f0000,0x00000000082f0000)]
  0x00000000066ed800 JavaThread "C2 CompilerThread1" daemon [_thread_blocked, id=2824, stack(0x00000000080f0000,0x00000000081f0000)]
=>0x00000000066eb800 JavaThread "C2 CompilerThread0" daemon [_thread_in_native, id=3312, stack(0x0000000007bf0000,0x0000000007cf0000)]
  0x000000000669e000 JavaThread "Attach Listener" daemon [_thread_blocked, id=4648, stack(0x0000000007af0000,0x0000000007bf0000)]
  0x000000000669c800 JavaThread "Signal Dispatcher" daemon [_thread_blocked, id=5944, stack(0x00000000079f0000,0x0000000007af0000)]
  0x0000000002fb7000 JavaThread "Finalizer" daemon [_thread_blocked, id=5676, stack(0x00000000078f0000,0x00000000079f0000)]
  0x0000000002fae000 JavaThread "Reference Handler" daemon [_thread_blocked, id=5764, stack(0x00000000077f0000,0x00000000078f0000)]
  0x0000000002bae000 JavaThread "main" [_thread_blocked, id=5560, stack(0x0000000002a20000,0x0000000002b20000)]

Other Threads:
  0x0000000006657800 VMThread [stack: 0x00000000076f0000,0x00000000077f0000] [id=3604]
  0x0000000007d39800 WatcherThread [stack: 0x00000000083f0000,0x00000000084f0000] [id=32]

VM state:not at safepoint (normal execution)

VM Mutex/Monitor currently owned by a thread: None

Heap:
 PSYoungGen      total 288768K, used 105608K [0x00000000eab00000, 0x0000000100000000, 0x0000000100000000)
  eden space 233984K, 24% used [0x00000000eab00000,0x00000000ee25cdf8,0x00000000f8f80000)
  from space 54784K, 89% used [0x00000000f8f80000,0x00000000fbf45278,0x00000000fc500000)
  to   space 58368K, 0% used [0x00000000fc700000,0x00000000fc700000,0x0000000100000000)
 ParOldGen       total 199680K, used 145319K [0x00000000c0000000, 0x00000000cc300000, 0x00000000eab00000)
  object space 199680K, 72% used [0x00000000c0000000,0x00000000c8de9f50,0x00000000cc300000)
 Metaspace       used 138088K, capacity 147840K, committed 147968K, reserved 1175552K
  class space    used 19013K, capacity 22457K, committed 22528K, reserved 1048576K

Card table byte_map: [0x0000000003380000,0x0000000003590000] byte_map_base: 0x0000000002d80000

Marking Bits: (ParMarkBitMap*) 0x000000005f9e4040
 Begin Bits: [0x0000000003af0000, 0x0000000004af0000)
 End Bits:   [0x0000000004af0000, 0x0000000005af0000)

Polling page: 0x0000000002b20000

CodeCache: size=245760Kb used=51985Kb max_used=52383Kb free=193774Kb
 bounds [0x000000000f010000, 0x00000000123d0000, 0x000000001e010000]
 total_blobs=14834 nmethods=14111 adapters=632
 compilation: enabled

Compilation events (10 events):
Event: 1815.041 Thread 0x0000000007cff000 nmethod 18168 0x000000000f4e88d0 code [0x000000000f4e8a60, 0x000000000f4e8e18]
Event: 1815.043 Thread 0x0000000007cff000 18169       3       groovy.lang.MetaClassImpl::createConstructorSite (219 bytes)
Event: 1815.046 Thread 0x0000000007cff000 nmethod 18169 0x0000000011de23d0 code [0x0000000011de2740, 0x0000000011de4ab8]
Event: 1815.047 Thread 0x0000000007cff000 18170       3       org.gradle.api.internal.project.taskfactory.InputFilesPropertyAnnotationHandler::attachActions (39 bytes)
Event: 1815.048 Thread 0x0000000007cff000 nmethod 18170 0x0000000011392cd0 code [0x0000000011392ee0, 0x0000000011393998]
Event: 1815.060 Thread 0x00000000066ed800 18171       4       org.gradle.api.internal.AbstractClassGenerator$MethodSignature::equals (39 bytes)
Event: 1815.063 Thread 0x00000000066ed800 nmethod 18171 0x00000000102e2a10 code [0x00000000102e2b60, 0x00000000102e2df8]
Event: 1815.331 Thread 0x00000000066eb800 18172       4       org.gradle.api.internal.AbstractClassGenerator::inspectType (572 bytes)
Event: 1815.334 Thread 0x0000000007cff000 18173       3       org.gradle.api.internal.AbstractClassGenerator$ClassMetaData::addActionMethod (10 bytes)
Event: 1815.334 Thread 0x0000000007cff000 nmethod 18173 0x0000000011da6250 code [0x0000000011da63c0, 0x0000000011da6548]

GC Heap History (10 events):
Event: 1732.103 GC heap before
{Heap before GC invocations=53 (full 10):
 PSYoungGen      total 286720K, used 268070K [0x00000000eab00000, 0x0000000100000000, 0x0000000100000000)
  eden space 225792K, 100% used [0x00000000eab00000,0x00000000f8780000,0x00000000f8780000)
  from space 60928K, 69% used [0x00000000fc380000,0x00000000fecc9a10,0x00000000fff00000)
  to   space 61440K, 0% used [0x00000000f8780000,0x00000000f8780000,0x00000000fc380000)
 ParOldGen       total 199680K, used 145295K [0x00000000c0000000, 0x00000000cc300000, 0x00000000eab00000)
  object space 199680K, 72% used [0x00000000c0000000,0x00000000c8de3f50,0x00000000cc300000)
 Metaspace       used 129006K, capacity 137592K, committed 137984K, reserved 1167360K
  class space    used 17813K, capacity 20813K, committed 20992K, reserved 1048576K
Event: 1732.138 GC heap after
Heap after GC invocations=53 (full 10):
 PSYoungGen      total 262144K, used 36236K [0x00000000eab00000, 0x00000000ffc80000, 0x0000000100000000)
  eden space 225792K, 0% used [0x00000000eab00000,0x00000000eab00000,0x00000000f8780000)
  from space 36352K, 99% used [0x00000000f8780000,0x00000000faae3348,0x00000000fab00000)
  to   space 59392K, 0% used [0x00000000fc280000,0x00000000fc280000,0x00000000ffc80000)
 ParOldGen       total 199680K, used 145303K [0x00000000c0000000, 0x00000000cc300000, 0x00000000eab00000)
  object space 199680K, 72% used [0x00000000c0000000,0x00000000c8de5f50,0x00000000cc300000)
 Metaspace       used 129006K, capacity 137592K, committed 137984K, reserved 1167360K
  class space    used 17813K, capacity 20813K, committed 20992K, reserved 1048576K
}
Event: 1734.816 GC heap before
{Heap before GC invocations=54 (full 10):
 PSYoungGen      total 262144K, used 262028K [0x00000000eab00000, 0x00000000ffc80000, 0x0000000100000000)
  eden space 225792K, 100% used [0x00000000eab00000,0x00000000f8780000,0x00000000f8780000)
  from space 36352K, 99% used [0x00000000f8780000,0x00000000faae3348,0x00000000fab00000)
  to   space 59392K, 0% used [0x00000000fc280000,0x00000000fc280000,0x00000000ffc80000)
 ParOldGen       total 199680K, used 145303K [0x00000000c0000000, 0x00000000cc300000, 0x00000000eab00000)
  object space 199680K, 72% used [0x00000000c0000000,0x00000000c8de5f50,0x00000000cc300000)
 Metaspace       used 129039K, capacity 137656K, committed 138240K, reserved 1167360K
  class space    used 17814K, capacity 20813K, committed 20992K, reserved 1048576K
Event: 1734.907 GC heap after
Heap after GC invocations=54 (full 10):
 PSYoungGen      total 288256K, used 36260K [0x00000000eab00000, 0x0000000100000000, 0x0000000100000000)
  eden space 228864K, 0% used [0x00000000eab00000,0x00000000eab00000,0x00000000f8a80000)
  from space 59392K, 61% used [0x00000000fc280000,0x00000000fe5e92f0,0x00000000ffc80000)
  to   space 57344K, 0% used [0x00000000f8a80000,0x00000000f8a80000,0x00000000fc280000)
 ParOldGen       total 199680K, used 145303K [0x00000000c0000000, 0x00000000cc300000, 0x00000000eab00000)
  object space 199680K, 72% used [0x00000000c0000000,0x00000000c8de5f50,0x00000000cc300000)
 Metaspace       used 129039K, capacity 137656K, committed 138240K, reserved 1167360K
  class space    used 17814K, capacity 20813K, committed 20992K, reserved 1048576K
}
Event: 1808.756 GC heap before
{Heap before GC invocations=55 (full 10):
 PSYoungGen      total 288256K, used 265124K [0x00000000eab00000, 0x0000000100000000, 0x0000000100000000)
  eden space 228864K, 100% used [0x00000000eab00000,0x00000000f8a80000,0x00000000f8a80000)
  from space 59392K, 61% used [0x00000000fc280000,0x00000000fe5e92f0,0x00000000ffc80000)
  to   space 57344K, 0% used [0x00000000f8a80000,0x00000000f8a80000,0x00000000fc280000)
 ParOldGen       total 199680K, used 145303K [0x00000000c0000000, 0x00000000cc300000, 0x00000000eab00000)
  object space 199680K, 72% used [0x00000000c0000000,0x00000000c8de5f50,0x00000000cc300000)
 Metaspace       used 130499K, capacity 139424K, committed 139648K, reserved 1167360K
  class space    used 17939K, capacity 21022K, committed 21120K, reserved 1048576K
Event: 1808.792 GC heap after
Heap after GC invocations=55 (full 10):
 PSYoungGen      total 286208K, used 28745K [0x00000000eab00000, 0x00000000ffc00000, 0x0000000100000000)
  eden space 228864K, 0% used [0x00000000eab00000,0x00000000eab00000,0x00000000f8a80000)
  from space 57344K, 50% used [0x00000000f8a80000,0x00000000fa6924a0,0x00000000fc280000)
  to   space 56320K, 0% used [0x00000000fc500000,0x00000000fc500000,0x00000000ffc00000)
 ParOldGen       total 199680K, used 145311K [0x00000000c0000000, 0x00000000cc300000, 0x00000000eab00000)
  object space 199680K, 72% used [0x00000000c0000000,0x00000000c8de7f50,0x00000000cc300000)
 Metaspace       used 130499K, capacity 139424K, committed 139648K, reserved 1167360K
  class space    used 17939K, capacity 21022K, committed 21120K, reserved 1048576K
}
Event: 1810.670 GC heap before
{Heap before GC invocations=56 (full 10):
 PSYoungGen      total 286208K, used 257609K [0x00000000eab00000, 0x00000000ffc00000, 0x0000000100000000)
  eden space 228864K, 100% used [0x00000000eab00000,0x00000000f8a80000,0x00000000f8a80000)
  from space 57344K, 50% used [0x00000000f8a80000,0x00000000fa6924a0,0x00000000fc280000)
  to   space 56320K, 0% used [0x00000000fc500000,0x00000000fc500000,0x00000000ffc00000)
 ParOldGen       total 199680K, used 145311K [0x00000000c0000000, 0x00000000cc300000, 0x00000000eab00000)
  object space 199680K, 72% used [0x00000000c0000000,0x00000000c8de7f50,0x00000000cc300000)
 Metaspace       used 130795K, capacity 139908K, committed 140032K, reserved 1167360K
  class space    used 17974K, capacity 21130K, committed 21248K, reserved 1048576K
Event: 1810.716 GC heap after
Heap after GC invocations=56 (full 10):
 PSYoungGen      total 290304K, used 29374K [0x00000000eab00000, 0x00000000ffc00000, 0x0000000100000000)
  eden space 233984K, 0% used [0x00000000eab00000,0x00000000eab00000,0x00000000f8f80000)
  from space 56320K, 52% used [0x00000000fc500000,0x00000000fe1af808,0x00000000ffc00000)
  to   space 54784K, 0% used [0x00000000f8f80000,0x00000000f8f80000,0x00000000fc500000)
 ParOldGen       total 199680K, used 145311K [0x00000000c0000000, 0x00000000cc300000, 0x00000000eab00000)
  object space 199680K, 72% used [0x00000000c0000000,0x00000000c8de7f50,0x00000000cc300000)
 Metaspace       used 130795K, capacity 139908K, committed 140032K, reserved 1167360K
  class space    used 17974K, capacity 21130K, committed 21248K, reserved 1048576K
}
Event: 1814.516 GC heap before
{Heap before GC invocations=57 (full 10):
 PSYoungGen      total 290304K, used 263358K [0x00000000eab00000, 0x00000000ffc00000, 0x0000000100000000)
  eden space 233984K, 100% used [0x00000000eab00000,0x00000000f8f80000,0x00000000f8f80000)
  from space 56320K, 52% used [0x00000000fc500000,0x00000000fe1af808,0x00000000ffc00000)
  to   space 54784K, 0% used [0x00000000f8f80000,0x00000000f8f80000,0x00000000fc500000)
 ParOldGen       total 199680K, used 145311K [0x00000000c0000000, 0x00000000cc300000, 0x00000000eab00000)
  object space 199680K, 72% used [0x00000000c0000000,0x00000000c8de7f50,0x00000000cc300000)
 Metaspace       used 137475K, capacity 147162K, committed 147328K, reserved 1173504K
  class space    used 18921K, capacity 22335K, committed 22400K, reserved 1048576K
Event: 1814.579 GC heap after
Heap after GC invocations=57 (full 10):
 PSYoungGen      total 288768K, used 48916K [0x00000000eab00000, 0x0000000100000000, 0x0000000100000000)
  eden space 233984K, 0% used [0x00000000eab00000,0x00000000eab00000,0x00000000f8f80000)
  from space 54784K, 89% used [0x00000000f8f80000,0x00000000fbf45278,0x00000000fc500000)
  to   space 58368K, 0% used [0x00000000fc700000,0x00000000fc700000,0x0000000100000000)
 ParOldGen       total 199680K, used 145319K [0x00000000c0000000, 0x00000000cc300000, 0x00000000eab00000)
  object space 199680K, 72% used [0x00000000c0000000,0x00000000c8de9f50,0x00000000cc300000)
 Metaspace       used 137475K, capacity 147162K, committed 147328K, reserved 1173504K
  class space    used 18921K, capacity 22335K, committed 22400K, reserved 1048576K
}

Deoptimization events (10 events):
Event: 1809.976 Thread 0x000000000b69b800 Uncommon trap: reason=unstable_if action=reinterpret pc=0x0000000010903fd8 method=groovyjarjarasm.asm.MethodWriter.visitVarInsn(II)V @ 122
Event: 1809.992 Thread 0x000000000b69b800 Uncommon trap: reason=unloaded action=reinterpret pc=0x0000000010902018 method=sun.reflect.generics.parser.SignatureParser.parseBaseType()Lsun/reflect/generics/tree/BaseType; @ 124
Event: 1810.002 Thread 0x000000000b69b800 Uncommon trap: reason=unstable_if action=reinterpret pc=0x00000000102d3a00 method=groovyjarjarasm.asm.MethodWriter.visitInsn(I)V @ 24
Event: 1810.002 Thread 0x000000000b69b800 Uncommon trap: reason=class_check action=maybe_recompile pc=0x000000000fdf0dd4 method=java.lang.reflect.Array.newInstance(Ljava/lang/Class;I)Ljava/lang/Object; @ 2
Event: 1810.012 Thread 0x000000000b69b800 Uncommon trap: reason=unstable_if action=reinterpret pc=0x000000000f5f84d8 method=groovyjarjarasm.asm.Type.a(Ljava/lang/StringBuffer;Ljava/lang/Class;)V @ 127
Event: 1810.090 Thread 0x000000000b69b800 Uncommon trap: reason=unstable_if action=reinterpret pc=0x0000000010b8fa10 method=org.codehaus.groovy.runtime.typehandling.DefaultTypeTransformation.castToType(Ljava/lang/Object;Ljava/lang/Class;)Ljava/lang/Object; @ 40
Event: 1811.686 Thread 0x000000000b69b800 Uncommon trap: reason=class_check action=maybe_recompile pc=0x00000000114212c0 method=org.gradle.api.internal.CompositeDynamicObject.getProperty(Ljava/lang/String;)Ljava/lang/Object; @ 37
Event: 1811.687 Thread 0x000000000b69b800 Uncommon trap: reason=class_check action=maybe_recompile pc=0x00000000114212c0 method=org.gradle.api.internal.CompositeDynamicObject.getProperty(Ljava/lang/String;)Ljava/lang/Object; @ 37
Event: 1811.688 Thread 0x000000000b69b800 Uncommon trap: reason=class_check action=maybe_recompile pc=0x00000000114212c0 method=org.gradle.api.internal.CompositeDynamicObject.getProperty(Ljava/lang/String;)Ljava/lang/Object; @ 37
Event: 1811.688 Thread 0x000000000b69b800 Uncommon trap: reason=class_check action=maybe_recompile pc=0x00000000114212c0 method=org.gradle.api.internal.CompositeDynamicObject.getProperty(Ljava/lang/String;)Ljava/lang/Object; @ 37

Internal exceptions (10 events):
Event: 1815.213 Thread 0x000000000b69b800 Exception <a 'java/lang/ClassNotFoundException': com/android/build/gradle/tasks/AidlCompileBeanInfo> (0x00000000ed9fab30) thrown at [D:\re\workspace\8-2-build-windows-amd64-cygwin\jdk8u40\3098\hotspot\src\share\vm\classfile\systemDictionary.cpp, line 210]
Event: 1815.213 Thread 0x000000000b69b800 Exception <a 'java/lang/ClassNotFoundException': com/android/build/gradle/tasks/AidlCompileCustomizer> (0x00000000eda073d8) thrown at [D:\re\workspace\8-2-build-windows-amd64-cygwin\jdk8u40\3098\hotspot\src\share\vm\classfile\systemDictionary.cpp, line 210‹º0Ü\œ@
Event: 1815.215 Thread 0x000000000b69b800 Exception <a 'java/lang/ClassNotFoundException': com/android/build/gradle/tasks/AidlCompile_DecoratedCustomizer> (0x00000000eda685a8) thrown at [D:\re\workspace\8-2-build-windows-amd64-cygwin\jdk8u40\3098\hotspot\src\share\vm\classfile\systemDictionary.cpp{-Ÿ]]œ@
Event: 1815.272 Thread 0x000000000b69b800 Exception <a 'java/lang/ClassNotFoundException': com/android/build/gradle/tasks/NdkCompile_DecoratedBeanInfo> (0x00000000edde7318) thrown at [D:\re\workspace\8-2-build-windows-amd64-cygwin\jdk8u40\3098\hotspot\src\share\vm\classfile\systemDictionary.cpp, lXÛ½]œ@
Event: 1815.272 Thread 0x000000000b69b800 Exception <a 'java/lang/ClassNotFoundException': com/android/build/gradle/tasks/NdkCompileBeanInfo> (0x00000000eddf33a0) thrown at [D:\re\workspace\8-2-build-windows-amd64-cygwin\jdk8u40\3098\hotspot\src\share\vm\classfile\systemDictionary.cpp, line 210]
Event: 1815.273 Thread 0x000000000b69b800 Exception <a 'java/lang/ClassNotFoundException': com/android/build/gradle/tasks/NdkCompileCustomizer> (0x00000000eddffc40) thrown at [D:\re\workspace\8-2-build-windows-amd64-cygwin\jdk8u40\3098\hotspot\src\share\vm\classfile\systemDictionary.cpp, line 210]1ïG/]œ@
Event: 1815.275 Thread 0x000000000b69b800 Exception <a 'java/lang/ClassNotFoundException': com/android/build/gradle/tasks/NdkCompile_DecoratedCustomizer> (0x00000000ede6b2c0) thrown at [D:\re\workspace\8-2-build-windows-amd64-cygwin\jdk8u40\3098\hotspot\src\share\vm\classfile\systemDictionary.cpp,\¦j~]œ@
Event: 1815.373 Thread 0x000000000b69b800 Exception <a 'java/lang/ClassNotFoundException': com/android/build/gradle/internal/tasks/MergeFileTask_DecoratedBeanInfo> (0x00000000ee0853e8) thrown at [D:\re\workspace\8-2-build-windows-amd64-cygwin\jdk8u40\3098\hotspot\src\share\vm\classfile\systemDicti\ãA£]œ@
Event: 1815.375 Thread 0x000000000b69b800 Exception <a 'java/lang/ClassNotFoundException': com/android/build/gradle/internal/tasks/MergeFileTaskBeanInfo> (0x00000000ee0931c0) thrown at [D:\re\workspace\8-2-build-windows-amd64-cygwin\jdk8u40\3098\hotspot\src\share\vm\classfile\systemDictionary.cpp,×¾wS¡]œ@
Event: 1815.408 Thread 0x000000000b69b800 Exception <a 'java/lang/ClassNotFoundException': com/android/build/gradle/internal/tasks/MergeFileTaskCustomizer> (0x00000000ee0a1200) thrown at [D:\re\workspace\8-2-build-windows-amd64-cygwin\jdk8u40\3098\hotspot\src\share\vm\classfile\systemDictionary.cpgþGÚ\œ@

Events (10 events):
Event: 1815.373 loading class com/android/build/gradle/internal/tasks/MergeFileTask_DecoratedBeanInfo
Event: 1815.373 loading class com/android/build/gradle/internal/tasks/MergeFileTask_DecoratedBeanInfo done
Event: 1815.374 loading class com/android/build/gradle/internal/tasks/MergeFileTaskBeanInfo
Event: 1815.374 loading class com/android/build/gradle/internal/tasks/MergeFileTaskBeanInfo done
Event: 1815.375 loading class com/android/build/gradle/internal/tasks/MergeFileTaskBeanInfo
Event: 1815.375 loading class com/android/build/gradle/internal/tasks/MergeFileTaskBeanInfo done
Event: 1815.376 loading class com/android/build/gradle/internal/tasks/MergeFileTaskCustomizer
Event: 1815.376 loading class com/android/build/gradle/internal/tasks/MergeFileTaskCustomizer done
Event: 1815.377 loading class com/android/build/gradle/internal/tasks/MergeFileTaskCustomizer
Event: 1815.407 loading class com/android/build/gradle/internal/tasks/MergeFileTaskCustomizer done


Dynamic libraries:
0x00007ff636ec0000 - 0x00007ff636ef7000 	C:\Program Files\Java\jdk1.8.0_40\bin\java.exe
0x00007ff8bfeb0000 - 0x00007ff8c005c000 	C:\Windows\SYSTEM32\ntdll.dll
0x00007ff8bf180000 - 0x00007ff8bf2be000 	C:\Windows\system32\KERNEL32.DLL
0x00007ff8bd1d0000 - 0x00007ff8bd2e5000 	C:\Windows\system32\KERNELBASE.dll
0x00007ff8bbb70000 - 0x00007ff8bbbfe000 	C:\Windows\system32\apphelp.dll
0x00007ff8b1fa0000 - 0x00007ff8b1ff3000 	C:\Windows\AppPatch\AppPatch64\AcGenral.DLL
0x00007ff8bfb30000 - 0x00007ff8bfbda000 	C:\Windows\system32\msvcrt.dll
0x00007ff8bce70000 - 0x00007ff8bce9e000 	C:\Windows\SYSTEM32\SspiCli.dll
0x00007ff8bfc90000 - 0x00007ff8bfce4000 	C:\Windows\system32\SHLWAPI.dll
0x00007ff8bf4e0000 - 0x00007ff8bf657000 	C:\Windows\system32\USER32.dll
0x00007ff8bef70000 - 0x00007ff8bf104000 	C:\Windows\system32\ole32.dll
0x00007ff8bda10000 - 0x00007ff8bef28000 	C:\Windows\system32\SHELL32.dll
0x00007ff8bc5f0000 - 0x00007ff8bc611000 	C:\Windows\SYSTEM32\USERENV.dll
0x00007ff8bfbe0000 - 0x00007ff8bfc8a000 	C:\Windows\system32\ADVAPI32.dll
0x00007ff8b1bd0000 - 0x00007ff8b1bee000 	C:\Windows\SYSTEM32\MPR.dll
0x00007ff8bfd60000 - 0x00007ff8bfea1000 	C:\Windows\system32\RPCRT4.dll
0x00007ff8bfad0000 - 0x00007ff8bfb29000 	C:\Windows\SYSTEM32\sechost.dll
0x00007ff8bf2c0000 - 0x00007ff8bf4d1000 	C:\Windows\SYSTEM32\combase.dll
0x00007ff8bf970000 - 0x00007ff8bfac1000 	C:\Windows\system32\GDI32.dll
0x00007ff8bd000000 - 0x00007ff8bd015000 	C:\Windows\SYSTEM32\profapi.dll
0x00007ff8bb520000 - 0x00007ff8bb5d2000 	C:\Windows\SYSTEM32\SHCORE.dll
0x00007ff8bd540000 - 0x00007ff8bd576000 	C:\Windows\system32\IMM32.DLL
0x00007ff8bd730000 - 0x00007ff8bd882000 	C:\Windows\system32\MSCTF.dll
0x00007ff8bcfc0000 - 0x00007ff8bcfef000 	C:\Windows\system32\nvinitx.dll
0x000000000f000000 - 0x000000000f006000 	C:\Program Files\NVIDIA Corporation\CoProcManager\detoured.dll
0x00007ff8bb2c0000 - 0x00007ff8bb31f000 	C:\Program Files\NVIDIA Corporation\CoProcManager\nvd3d9wrapx.dll
0x00007ff8bf660000 - 0x00007ff8bf83a000 	C:\Windows\system32\SETUPAPI.dll
0x00007ff8bd180000 - 0x00007ff8bd1cf000 	C:\Windows\system32\CFGMGR32.dll
0x00007ff8bb270000 - 0x00007ff8bb2b6000 	C:\Program Files\NVIDIA Corporation\CoProcManager\nvdxgiwrapx.dll
0x00007ff8bae40000 - 0x00007ff8bb0bb000 	C:\Windows\WinSxS\amd64_microsoft.windows.common-controls_6595b64144ccf1df_6.0.9600.17415_none_6240486fecbd8abb\COMCTL32.dll
0x000000005ec80000 - 0x000000005ed52000 	C:\Program Files\Java\jdk1.8.0_40\jre\bin\msvcr100.dll
0x000000005f1e0000 - 0x000000005fa63000 	C:\Program Files\Java\jdk1.8.0_40\jre\bin\server\jvm.dll
0x00007ff8a4010000 - 0x00007ff8a4019000 	C:\Windows\SYSTEM32\WSOCK32.dll
0x00007ff8b9420000 - 0x00007ff8b9442000 	C:\Windows\SYSTEM32\WINMM.dll
0x00007ff8b9450000 - 0x00007ff8b945a000 	C:\Windows\SYSTEM32\VERSION.dll
0x00007ff8bd530000 - 0x00007ff8bd537000 	C:\Windows\system32\PSAPI.DLL
0x00007ff8bf120000 - 0x00007ff8bf17a000 	C:\Windows\system32\WS2_32.dll
0x00007ff8b93e0000 - 0x00007ff8b940a000 	C:\Windows\SYSTEM32\WINMMBASE.dll
0x00007ff8bef60000 - 0x00007ff8bef69000 	C:\Windows\system32\NSI.dll
0x00007ff8bbde0000 - 0x00007ff8bbe08000 	C:\Windows\SYSTEM32\DEVOBJ.dll
0x000000005f0f0000 - 0x000000005f0ff000 	C:\Program Files\Java\jdk1.8.0_40\jre\bin\verify.dll
0x000000005f0c0000 - 0x000000005f0e9000 	C:\Program Files\Java\jdk1.8.0_40\jre\bin\java.dll
0x000000005f0a0000 - 0x000000005f0b6000 	C:\Program Files\Java\jdk1.8.0_40\jre\bin\zip.dll
0x00007ff8bc910000 - 0x00007ff8bc930000 	C:\Windows\SYSTEM32\CRYPTSP.dll
0x00007ff8bc4e0000 - 0x00007ff8bc516000 	C:\Windows\system32\rsaenh.dll
0x00007ff8bcb60000 - 0x00007ff8bcb86000 	C:\Windows\SYSTEM32\bcrypt.dll
0x00007ff8bcea0000 - 0x00007ff8bcf03000 	C:\Windows\system32\bcryptprimitives.dll
0x00007ff8bcf10000 - 0x00007ff8bcf1b000 	C:\Windows\SYSTEM32\CRYPTBASE.dll
0x000000005ee90000 - 0x000000005eeaa000 	C:\Program Files\Java\jdk1.8.0_40\jre\bin\net.dll
0x00007ff8bc8b0000 - 0x00007ff8bc909000 	C:\Windows\system32\mswsock.dll
0x00007ff8b72f0000 - 0x00007ff8b731a000 	C:\Windows\SYSTEM32\IPHLPAPI.DLL
0x00007ff8b72d0000 - 0x00007ff8b72da000 	C:\Windows\SYSTEM32\WINNSI.DLL
0x00007ff8b67f0000 - 0x00007ff8b6806000 	C:\Windows\SYSTEM32\dhcpcsvc6.DLL
0x00007ff8b6c70000 - 0x00007ff8b6c8a000 	C:\Windows\SYSTEM32\dhcpcsvc.DLL
0x000000005ee70000 - 0x000000005ee81000 	C:\Program Files\Java\jdk1.8.0_40\jre\bin\nio.dll
0x00007ff8b1310000 - 0x00007ff8b1322000 	C:\Users\Dan\AppData\Local\Temp\native-platform7841602868829937946dir\native-platform.dll
0x000000005ed90000 - 0x000000005edb4000 	C:\Program Files\Java\jdk1.8.0_40\jre\bin\sunec.dll
0x00007ff8b3b50000 - 0x00007ff8b3b65000 	C:\Windows\system32\napinsp.dll
0x00007ff8b3b80000 - 0x00007ff8b3b9a000 	C:\Windows\system32\pnrpnsp.dll
0x00007ff8b8150000 - 0x00007ff8b816b000 	C:\Windows\system32\NLAapi.dll
0x00007ff8bc6b0000 - 0x00007ff8bc754000 	C:\Windows\SYSTEM32\DNSAPI.dll
0x00007ff8b3b70000 - 0x00007ff8b3b7d000 	C:\Windows\System32\winrnr.dll
0x00007ff8b3ba0000 - 0x00007ff8b3bb4000 	C:\Windows\system32\wshbth.dll
0x00007ff8b3d00000 - 0x00007ff8b3d0a000 	C:\Windows\System32\rasadhlp.dll
0x00007ff8b6a90000 - 0x00007ff8b6afb000 	C:\Windows\System32\fwpuclnt.dll
0x00007ff8a4740000 - 0x00007ff8a48ca000 	C:\Windows\SYSTEM32\dbghelp.dll

VM Arguments:
jvm_args: -XX:MaxPermSize=256m -XX:+HeapDumpOnOutOfMemoryError -Xmx1024m -Dfile.encoding=GBK -Duser.country=CN -Duser.language=zh -Duser.variant 
java_command: org.gradle.launcher.daemon.bootstrap.GradleDaemon 2.2.1 E:\Program Files\gradle-2.2.1\daemon 10800000 f197c207-9571-45c8-962e-b031573701e9 -XX:MaxPermSize=256m -XX:+HeapDumpOnOutOfMemoryError -Xmx1024m -Dfile.encoding=GBK -Duser.country=CN -Duser.language=zh -Duser.variant
java_class_path (initial): E:\Program Files\gradle-2.2.1\lib\gradle-launcher-2.2.1.jar
Launcher Type: SUN_STANDARD

Environment Variables:
JAVA_HOME=C:\Program Files\Java\jdk1.8.0_40
CLASSPATH=.;?C:\Program Files\Java\jdk1.8.0_40\lib\dt.jar;C:\Program Files\Java\jdk1.8.0_40\lib\tools.jar;
PATH=C:\Program Files (x86)\NVIDIA Corporation\PhysX\Common;C:\ProgramData\Oracle\Java\javapath;C:\Windows\system32;C:\Windows;C:\Windows\System32\Wbem;C:\Windows\System32\WindowsPowerShell\v1.0\;C:\Program Files\Java\jdk1.8.0_40\bin;C:\Program Files\Java\jre1.8.0_40\bin;E:\Program Files\android-sdk-windows\platform-tools;E:\Program Files\android-sdk-windows\tools
USERNAME=Dan
OS=Windows_NT
PROCESSOR_IDENTIFIER=Intel64 Family 6 Model 58 Stepping 9, GenuineIntel



---------------  S Y S T E M  ---------------

OS: Windows 8.1 , 64 bit Build 9600 (6.3.9600.17415)

CPU:total 4 (2 cores per cpu, 2 threads per core) family 6 model 58 stepping 9, cmov, cx8, fxsr, mmx, sse, sse2, sse3, ssse3, sse4.1, sse4.2, popcnt, avx, aes, clmul, erms, ht, tsc, tscinvbit, tscinv

Memory: 4k page, physical 3749528k(223488k free), swap 4798104k(5120k free)

vm_info: Java HotSpot(TM) 64-Bit Server VM (25.40-b25) for windows-amd64 JRE (1.8.0_40-b26), built on Mar  7 2015 13:51:59 by "java_re" with MS VC++ 10.0 (VS2010)

time: Wed Apr 08 16:19:36 2015
elapsed time: 1815 seconds (0d 0h 30m 15s)

